Mínima temperatura histórica: -77

Máxima temperatura del año 1980: 380
Máxima temperatura del año 1981: 350
Máxima temperatura del año 1982: 362
Máxima temperatura del año 1983: 384
Máxima temperatura del año 1984: 363
Máxima temperatura del año 1985: 366
Máxima temperatura del año 1986: 397
Máxima temperatura del año 1987: 391
Máxima temperatura del año 1988: 394
Máxima temperatura del año 1989: 386
Máxima temperatura del año 1990: 374
Máxima temperatura del año 1991: 376
Máxima temperatura del año 1992: 337
Máxima temperatura del año 1993: 386
Máxima temperatura del año 1994: 398
Máxima temperatura del año 1995: 408
Máxima temperatura del año 1996: 368
Máxima temperatura del año 1997: 370
Máxima temperatura del año 1998: 380
Máxima temperatura del año 1999: 346
Máxima temperatura del año 2000: 370
Máxima temperatura del año 2001: 363
Máxima temperatura del año 2002: 410
Máxima temperatura del año 2003: 400
Máxima temperatura del año 2004: 393
Máxima temperatura del año 2005: 365
Máxima temperatura del año 2006: 395
Máxima temperatura del año 2007: 374
Máxima temperatura del año 2008: 390
Máxima temperatura del año 2009: 400
Máxima temperatura del año 2010: 394
Máxima temperatura del año 2011: 424
Máxima temperatura del año 2012: 408
Máxima temperatura del año 2013: 400
Máxima temperatura del año 2014: 390
Máxima temperatura del año 2015: 365
Máxima temperatura del año 2016: 380

Mes más lluvioso del año 1980: april
Mes más lluvioso del año 1981: february
Mes más lluvioso del año 1982: january
Mes más lluvioso del año 1983: april
Mes más lluvioso del año 1984: january
Mes más lluvioso del año 1985: january
Mes más lluvioso del año 1986: january
Mes más lluvioso del año 1987: may
Mes más lluvioso del año 1988: january
Mes más lluvioso del año 1989: june
Mes más lluvioso del año 1990: january
Mes más lluvioso del año 1991: may
Mes más lluvioso del año 1992: december
Mes más lluvioso del año 1993: january
Mes más lluvioso del año 1994: january
Mes más lluvioso del año 1995: january
Mes más lluvioso del año 1996: november
Mes más lluvioso del año 1997: october
Mes más lluvioso del año 1998: december
Mes más lluvioso del año 1999: december
Mes más lluvioso del año 2000: november
Mes más lluvioso del año 2001: june
Mes más lluvioso del año 2002: august
Mes más lluvioso del año 2003: march
Mes más lluvioso del año 2004: april
Mes más lluvioso del año 2005: december
Mes más lluvioso del año 2006: january
Mes más lluvioso del año 2007: january
Mes más lluvioso del año 2008: january
Mes más lluvioso del año 2009: january
Mes más lluvioso del año 2010: december
Mes más lluvioso del año 2011: august
Mes más lluvioso del año 2012: january
Mes más lluvioso del año 2013: april
Mes más lluvioso del año 2014: november
Mes más lluvioso del año 2015: january
Mes más lluvioso del año 2016: april

